TN:
SF:src\cron.js
FN:7,cron
FN:9,(anonymous_1)
FN:32,init
FNF:3
FNH:3
FNDA:3,cron
FNDA:1,(anonymous_1)
FNDA:3,init
DA:1,3
DA:2,3
DA:4,3
DA:5,3
DA:8,3
DA:9,3
DA:10,1
DA:11,0
DA:12,0
DA:14,1
DA:15,1
DA:16,1
DA:18,1
DA:20,1
DA:22,1
DA:23,0
DA:24,0
DA:29,3
DA:33,3
DA:34,3
DA:36,3
DA:37,3
DA:39,3
DA:40,3
DA:41,3
DA:42,4
DA:43,4
DA:44,4
DA:45,4
DA:46,4
DA:47,4
DA:48,5
DA:49,5
DA:50,5
DA:51,3
DA:54,4
DA:55,3
DA:56,3
DA:59,0
DA:62,0
DA:66,0
DA:69,0
DA:73,3
LF:43
LH:35
BRDA:10,0,0,0
BRDA:10,0,1,1
BRDA:22,1,0,0
BRDA:22,1,1,1
BRDA:33,2,0,3
BRDA:33,2,1,0
BRDA:34,3,0,3
BRDA:34,3,1,0
BRDA:40,4,0,3
BRDA:40,4,1,0
BRDA:40,5,0,3
BRDA:40,5,1,3
BRDA:43,6,0,4
BRDA:43,6,1,0
BRDA:43,7,0,4
BRDA:43,7,1,4
BRDA:45,8,0,4
BRDA:45,8,1,0
BRDA:45,9,0,4
BRDA:45,9,1,4
BRDA:50,10,0,3
BRDA:50,10,1,2
BRDA:54,11,0,3
BRDA:54,11,1,1
BRF:24
BRH:17
end_of_record
TN:
SF:src\ws.js
FN:9,(anonymous_0)
FN:12,(anonymous_1)
FN:13,(anonymous_2)
FN:48,(anonymous_3)
FN:58,(anonymous_4)
FN:61,(anonymous_5)
FN:69,(anonymous_6)
FNF:7
FNH:5
FNDA:4,(anonymous_0)
FNDA:4,(anonymous_1)
FNDA:4,(anonymous_2)
FNDA:0,(anonymous_3)
FNDA:1,(anonymous_4)
FNDA:1,(anonymous_5)
FNDA:0,(anonymous_6)
DA:1,4
DA:2,4
DA:3,4
DA:5,4
DA:6,4
DA:8,4
DA:9,4
DA:10,4
DA:11,4
DA:12,4
DA:13,4
DA:14,4
DA:15,4
DA:16,4
DA:17,3
DA:18,3
DA:19,3
DA:20,3
DA:21,3
DA:23,3
DA:24,3
DA:25,3
DA:26,1
DA:27,1
DA:28,1
DA:29,1
DA:31,0
DA:33,1
DA:34,1
DA:36,1
DA:37,1
DA:39,2
DA:40,2
DA:41,2
DA:43,2
DA:44,2
DA:45,1
DA:46,1
DA:48,2
DA:49,0
DA:52,2
DA:54,2
DA:55,1
DA:56,1
DA:58,1
DA:59,1
DA:61,1
DA:62,1
DA:66,1
DA:68,1
DA:69,1
DA:70,1
DA:75,1
DA:81,4
LF:54
LH:52
BRDA:18,0,0,1
BRDA:18,0,1,2
BRDA:19,1,0,3
BRDA:19,1,1,1
BRDA:20,2,0,1
BRDA:20,2,1,2
BRDA:23,3,0,3
BRDA:23,3,1,0
BRDA:25,4,0,1
BRDA:25,4,1,2
BRDA:29,5,0,1
BRDA:29,5,1,0
BRDA:39,6,0,2
BRDA:39,6,1,0
BRDA:41,7,0,2
BRDA:41,7,1,0
BRDA:44,8,0,1
BRDA:44,8,1,1
BRDA:44,9,0,2
BRDA:44,9,1,1
BRDA:54,10,0,1
BRDA:54,10,1,1
BRDA:68,11,0,1
BRDA:68,11,1,0
BRF:24
BRH:19
end_of_record
TN:
SF:src\api\routes\botroute.js
FN:4,(anonymous_0)
FN:5,(anonymous_1)
FN:9,(anonymous_2)
FN:15,(anonymous_3)
FNF:4
FNH:4
FNDA:4,(anonymous_0)
FNDA:1,(anonymous_1)
FNDA:2,(anonymous_2)
FNDA:1,(anonymous_3)
DA:1,1
DA:2,1
DA:4,1
DA:5,4
DA:6,1
DA:9,4
DA:10,2
DA:11,1
DA:15,4
DA:16,1
DA:17,1
DA:21,4
DA:22,4
LF:13
LH:13
BRDA:5,0,0,1
BRDA:5,0,1,3
BRDA:10,1,0,1
BRDA:10,1,1,1
BRDA:16,2,0,1
BRDA:16,2,1,0
BRF:6
BRH:5
end_of_record
TN:
SF:src\api\routes\chat\index.js
FN:8,start
FN:15,(anonymous_1)
FN:17,(anonymous_2)
FN:20,(anonymous_3)
FN:20,(anonymous_4)
FN:22,(anonymous_5)
FN:41,(anonymous_6)
FN:45,(anonymous_7)
FN:53,(anonymous_8)
FN:55,(anonymous_9)
FN:56,(anonymous_10)
FNF:11
FNH:8
FNDA:1,start
FNDA:4,(anonymous_1)
FNDA:0,(anonymous_2)
FNDA:1,(anonymous_3)
FNDA:0,(anonymous_4)
FNDA:2,(anonymous_5)
FNDA:0,(anonymous_6)
FNDA:1,(anonymous_7)
FNDA:1,(anonymous_8)
FNDA:1,(anonymous_9)
FNDA:1,(anonymous_10)
DA:1,4
DA:3,4
DA:4,4
DA:6,4
DA:9,1
DA:12,1
DA:15,4
DA:16,4
DA:17,0
DA:18,4
DA:19,4
DA:20,1
DA:22,4
DA:23,2
DA:24,2
DA:25,2
DA:26,2
DA:27,2
DA:28,2
DA:29,2
DA:30,1
DA:31,1
DA:32,1
DA:35,1
DA:37,1
DA:38,1
DA:40,1
DA:45,4
DA:46,1
DA:47,1
DA:48,1
DA:49,1
DA:53,4
DA:54,4
DA:55,1
DA:56,4
LF:36
LH:35
BRDA:26,0,0,1
BRDA:26,0,1,1
BRDA:26,1,0,2
BRDA:26,1,1,2
BRDA:29,2,0,1
BRDA:29,2,1,1
BRDA:30,3,0,1
BRDA:30,3,1,0
BRDA:35,4,0,1
BRDA:35,4,1,0
BRDA:35,5,0,1
BRDA:35,5,1,0
BRDA:35,5,2,0
BRDA:37,6,0,0
BRDA:37,6,1,1
BRDA:38,7,0,1
BRDA:38,7,1,0
BRDA:38,8,0,1
BRDA:38,8,1,1
BRDA:38,8,2,0
BRDA:46,9,0,0
BRDA:46,9,1,1
BRDA:48,10,0,1
BRDA:48,10,1,0
BRDA:48,11,0,1
BRDA:48,11,1,1
BRDA:48,11,2,1
BRF:27
BRH:18
end_of_record
TN:
SF:src\api\utils\db.js
FN:13,(anonymous_0)
FN:15,(anonymous_1)
FN:22,(anonymous_2)
FN:34,(anonymous_3)
FN:37,(anonymous_4)
FN:43,(anonymous_5)
FN:49,(anonymous_6)
FN:59,(anonymous_7)
FN:65,(anonymous_8)
FNF:9
FNH:4
FNDA:1,(anonymous_0)
FNDA:2,(anonymous_1)
FNDA:2,(anonymous_2)
FNDA:0,(anonymous_3)
FNDA:2,(anonymous_4)
FNDA:0,(anonymous_5)
FNDA:0,(anonymous_6)
FNDA:0,(anonymous_7)
FNDA:0,(anonymous_8)
DA:1,5
DA:3,5
DA:8,5
DA:10,5
DA:13,5
DA:15,5
DA:16,2
DA:17,1
DA:19,1
DA:22,5
DA:23,2
DA:24,2
DA:25,2
DA:26,1
DA:29,1
DA:30,1
DA:31,1
DA:34,5
DA:37,5
DA:38,2
DA:39,2
DA:40,1
DA:43,5
DA:44,0
DA:45,0
DA:46,0
DA:49,5
DA:50,0
DA:59,5
DA:60,0
DA:61,0
DA:62,0
DA:65,5
DA:66,0
DA:75,5
DA:76,5
DA:77,5
DA:78,5
DA:79,5
DA:80,5
DA:81,5
DA:82,5
LF:42
LH:34
BRDA:9,0,0,5
BRDA:9,0,1,5
BRDA:11,1,0,5
BRDA:11,1,1,5
BRDA:15,2,0,1
BRDA:16,3,0,1
BRDA:16,3,1,1
BRDA:25,4,0,1
BRDA:25,4,1,1
BRDA:39,5,0,1
BRDA:39,5,1,1
BRDA:62,6,0,0
BRDA:62,6,1,0
BRF:13
BRH:11
end_of_record
TN:
SF:src\config\bot.js
FN:10,setHours
FN:20,includeScriptInline
FN:32,includeScript
FN:38,(anonymous_3)
FN:45,(anonymous_4)
FN:49,(anonymous_5)
FN:53,(anonymous_6)
FN:65,(anonymous_7)
FN:67,(anonymous_8)
FN:72,(anonymous_9)
FN:79,(anonymous_10)
FN:84,(anonymous_11)
FN:100,(anonymous_12)
FN:115,(anonymous_13)
FN:121,(anonymous_14)
FN:125,(anonymous_15)
FN:152,(anonymous_16)
FN:183,(anonymous_17)
FN:198,(anonymous_18)
FN:214,(anonymous_19)
FN:248,(anonymous_20)
FN:257,(anonymous_21)
FN:275,(anonymous_22)
FN:281,(anonymous_23)
FNF:24
FNH:12
FNDA:1,setHours
FNDA:1,includeScriptInline
FNDA:1,includeScript
FNDA:10,(anonymous_3)
FNDA:0,(anonymous_4)
FNDA:0,(anonymous_5)
FNDA:0,(anonymous_6)
FNDA:0,(anonymous_7)
FNDA:0,(anonymous_8)
FNDA:0,(anonymous_9)
FNDA:0,(anonymous_10)
FNDA:1,(anonymous_11)
FNDA:0,(anonymous_12)
FNDA:0,(anonymous_13)
FNDA:0,(anonymous_14)
FNDA:2,(anonymous_15)
FNDA:1,(anonymous_16)
FNDA:1,(anonymous_17)
FNDA:1,(anonymous_18)
FNDA:2,(anonymous_19)
FNDA:0,(anonymous_20)
FNDA:1,(anonymous_21)
FNDA:0,(anonymous_22)
FNDA:2,(anonymous_23)
DA:1,10
DA:3,10
DA:4,10
DA:6,10
DA:7,10
DA:8,10
DA:11,1
DA:12,1
DA:13,1
DA:14,0
DA:16,1
DA:17,1
DA:21,1
DA:33,1
DA:39,10
DA:40,10
DA:41,10
DA:42,10
DA:46,0
DA:50,0
DA:54,0
DA:55,0
DA:56,0
DA:57,0
DA:58,0
DA:60,0
DA:62,0
DA:66,0
DA:68,0
DA:73,0
DA:74,0
DA:75,0
DA:78,0
DA:80,0
DA:85,1
DA:86,1
DA:87,1
DA:88,1
DA:89,1
DA:90,1
DA:91,1
DA:92,1
DA:93,1
DA:94,1
DA:95,1
DA:101,0
DA:102,0
DA:103,0
DA:108,0
DA:109,0
DA:114,0
DA:115,0
DA:118,0
DA:122,0
DA:126,2
DA:127,2
DA:128,2
DA:129,2
DA:130,2
DA:131,2
DA:132,2
DA:133,2
DA:134,1
DA:135,1
DA:137,1
DA:138,0
DA:140,1
DA:141,1
DA:142,1
DA:143,1
DA:146,1
DA:149,2
DA:153,1
DA:154,1
DA:155,1
DA:156,1
DA:157,1
DA:158,1
DA:159,1
DA:161,0
DA:162,0
DA:164,0
DA:165,0
DA:166,0
DA:173,0
DA:174,0
DA:175,0
DA:176,0
DA:178,0
DA:180,0
DA:184,1
DA:185,1
DA:186,1
DA:187,1
DA:188,1
DA:189,1
DA:199,1
DA:200,1
DA:201,1
DA:202,1
DA:204,1
DA:210,1
DA:211,1
DA:215,2
DA:216,2
DA:217,2
DA:218,1
DA:219,1
DA:221,1
DA:222,1
DA:223,0
DA:224,0
DA:226,1
DA:227,1
DA:228,1
DA:230,1
DA:231,1
DA:232,0
DA:234,1
DA:235,1
DA:236,1
DA:237,1
DA:238,1
DA:239,1
DA:240,1
DA:243,0
DA:244,0
DA:247,1
DA:250,1
DA:258,1
DA:259,1
DA:260,1
DA:261,1
DA:263,1
DA:264,1
DA:265,0
DA:267,1
DA:268,1
DA:269,1
DA:270,1
DA:271,1
DA:272,1
DA:273,1
DA:275,1
DA:277,1
DA:282,2
DA:283,2
DA:284,2
DA:285,2
DA:286,2
DA:288,2
DA:289,1
DA:290,1
DA:291,1
DA:294,1
DA:295,1
DA:300,0
DA:302,2
DA:306,10
LF:159
LH:114
BRDA:10,0,0,0
BRDA:13,1,0,0
BRDA:13,1,1,1
BRDA:55,2,0,0
BRDA:55,2,1,0
BRDA:57,3,0,0
BRDA:57,3,1,0
BRDA:72,4,0,0
BRDA:74,5,0,0
BRDA:74,5,1,0
BRDA:91,6,0,1
BRDA:91,6,1,0
BRDA:94,7,0,1
BRDA:94,7,1,0
BRDA:100,8,0,0
BRDA:100,9,0,0
BRDA:102,10,0,0
BRDA:102,10,1,0
BRDA:108,11,0,0
BRDA:108,11,1,0
BRDA:114,12,0,0
BRDA:114,12,1,0
BRDA:130,13,0,2
BRDA:130,13,1,0
BRDA:130,14,0,2
BRDA:130,14,1,2
BRDA:133,15,0,1
BRDA:133,15,1,1
BRDA:137,16,0,1
BRDA:137,16,1,0
BRDA:152,17,0,0
BRDA:155,18,0,1
BRDA:155,18,1,0
BRDA:158,19,0,1
BRDA:158,19,1,0
BRDA:165,20,0,0
BRDA:165,20,1,0
BRDA:173,21,0,0
BRDA:173,21,1,0
BRDA:180,22,0,0
BRDA:180,22,1,0
BRDA:185,23,0,0
BRDA:185,23,1,1
BRDA:198,24,0,0
BRDA:199,25,0,1
BRDA:199,25,1,0
BRDA:215,26,0,0
BRDA:215,26,1,2
BRDA:217,27,0,1
BRDA:217,27,1,1
BRDA:217,28,0,2
BRDA:217,28,1,1
BRDA:222,29,0,0
BRDA:222,29,1,1
BRDA:222,30,0,1
BRDA:222,30,1,0
BRDA:227,31,0,1
BRDA:227,31,1,0
BRDA:227,32,0,1
BRDA:227,32,1,1
BRDA:231,33,0,0
BRDA:231,33,1,1
BRDA:231,34,0,1
BRDA:231,34,1,0
BRDA:236,35,0,1
BRDA:236,35,1,0
BRDA:239,36,0,1
BRDA:239,36,1,0
BRDA:243,37,0,0
BRDA:243,37,1,0
BRDA:258,38,0,0
BRDA:258,38,1,1
BRDA:260,39,0,1
BRDA:260,39,1,0
BRDA:260,40,0,1
BRDA:260,40,1,1
BRDA:264,41,0,0
BRDA:264,41,1,1
BRDA:264,42,0,1
BRDA:264,42,1,0
BRDA:268,43,0,0
BRDA:268,43,1,1
BRDA:272,44,0,1
BRDA:272,44,1,0
BRDA:285,45,0,2
BRDA:285,45,1,0
BRDA:285,46,0,2
BRDA:285,46,1,2
BRDA:286,47,0,2
BRDA:286,47,1,0
BRDA:288,48,0,1
BRDA:288,48,1,1
BRDA:290,49,0,1
BRDA:290,49,1,0
BRDA:294,50,0,1
BRDA:294,50,1,0
BRF:96
BRH:43
end_of_record
TN:
SF:src\config\buttons.js
FNF:0
FNH:0
DA:1,4
DA:15,4
LF:2
LH:2
BRF:0
BRH:0
end_of_record
TN:
SF:src\config\mongoose.js
FN:4,(anonymous_0)
FNF:1
FNH:1
FNDA:2,(anonymous_0)
DA:1,2
DA:2,2
DA:4,2
DA:5,2
DA:6,1
DA:11,1
LF:6
LH:6
BRDA:5,0,0,1
BRDA:5,0,1,1
BRF:2
BRH:2
end_of_record
TN:
SF:src\config\vars.js
FNF:0
FNH:0
DA:1,0
DA:2,0
DA:3,0
DA:5,0
DA:7,0
DA:8,0
DA:15,0
LF:7
LH:0
BRDA:7,0,0,0
BRDA:7,0,1,0
BRDA:17,1,0,0
BRDA:17,1,1,0
BRDA:18,2,0,0
BRDA:18,2,1,0
BRF:6
BRH:0
end_of_record
TN:
SF:src\messages\format.js
FN:5,(anonymous_0)
FN:7,(anonymous_1)
FN:9,(anonymous_2)
FN:10,(anonymous_3)
FN:11,(anonymous_4)
FN:12,(anonymous_5)
FN:15,(anonymous_6)
FNF:7
FNH:6
FNDA:2,(anonymous_0)
FNDA:1,(anonymous_1)
FNDA:1,(anonymous_2)
FNDA:2,(anonymous_3)
FNDA:1,(anonymous_4)
FNDA:0,(anonymous_5)
FNDA:1,(anonymous_6)
DA:1,14
DA:2,14
DA:4,14
DA:5,2
DA:7,1
DA:9,1
DA:10,2
DA:11,1
DA:12,0
DA:15,1
LF:10
LH:9
BRDA:9,0,0,0
BRDA:12,1,0,0
BRDA:12,1,1,0
BRF:3
BRH:0
end_of_record
